[debug] [2022-06-12T18:36:36.113Z] ----------------------------------------------------------------------
[debug] [2022-06-12T18:36:36.114Z] Command:       /Users/johnpolacek/.nvm/versions/node/v14.19.1/bin/node /Users/johnpolacek/Sites/localhost/remix-firebase-tailwind/node_modules/.bin/firebase emulators:start --project remix-emulator --import=firebase-fixtures
[debug] [2022-06-12T18:36:36.115Z] CLI Version:   11.0.1
[debug] [2022-06-12T18:36:36.115Z] Platform:      darwin
[debug] [2022-06-12T18:36:36.115Z] Node Version:  v14.19.1
[debug] [2022-06-12T18:36:36.116Z] Time:          Sun Jun 12 2022 14:36:36 GMT-0400 (Eastern Daylight Time)
[debug] [2022-06-12T18:36:36.116Z] ----------------------------------------------------------------------
[debug] 
[debug] [2022-06-12T18:36:36.165Z] > command requires scopes: ["email","openid","https://www.googleapis.com/auth/cloudplatformprojects.readonly","https://www.googleapis.com/auth/firebase","https://www.googleapis.com/auth/cloud-platform"]
[debug] Failed to authenticate, have you run firebase login?
[warn] ⚠  emulators: You are not currently authenticated so some features may not work correctly. Please run firebase login to authenticate the CLI. 
[debug] [2022-06-12T18:36:36.261Z] java version "18.0.1.1" 2022-04-22
Java(TM) SE Runtime Environment (build 18.0.1.1+2-6)

[debug] [2022-06-12T18:36:36.262Z] Java HotSpot(TM) 64-Bit Server VM (build 18.0.1.1+2-6, mixed mode, sharing)

[debug] [2022-06-12T18:36:36.265Z] Parsed Java major version: 18
[info] i  emulators: Starting emulators: auth, firestore {"metadata":{"emulator":{"name":"hub"},"message":"Starting emulators: auth, firestore"}}
[warn] ⚠  emulators: It seems that you are running multiple instances of the emulator suite for project remix-emulator. This may result in unexpected behavior. 
[debug] [2022-06-12T18:36:36.290Z] [hub] writing locator at /var/folders/6_/yl8myn5s481g8789qm_1b6280000gn/T/hub-remix-emulator.json
[warn] ⚠  firestore: Did not find a Cloud Firestore rules file specified in a firebase.json config file. {"metadata":{"emulator":{"name":"firestore"},"message":"Did not find a Cloud Firestore rules file specified in a firebase.json config file."}}
[warn] ⚠  firestore: The emulator will default to allowing all reads and writes. Learn more about this option: https://firebase.google.com/docs/emulator-suite/install_and_configure#security_rules_configuration. {"metadata":{"emulator":{"name":"firestore"},"message":"The emulator will default to allowing all reads and writes. Learn more about this option: https://firebase.google.com/docs/emulator-suite/install_and_configure#security_rules_configuration."}}
[debug] [2022-06-12T18:36:36.296Z] Ignoring unsupported arg: projectId {"metadata":{"emulator":{"name":"firestore"},"message":"Ignoring unsupported arg: projectId"}}
[debug] [2022-06-12T18:36:36.296Z] Ignoring unsupported arg: auto_download {"metadata":{"emulator":{"name":"firestore"},"message":"Ignoring unsupported arg: auto_download"}}
[debug] [2022-06-12T18:36:36.297Z] Starting Firestore Emulator with command {"binary":"java","args":["-Dgoogle.cloud_firestore.debug_log_level=FINE","-Duser.language=en","-jar","/Users/johnpolacek/.cache/firebase/emulators/cloud-firestore-emulator-v1.14.3.jar","--host","localhost","--port",8080],"optionalArgs":["port","webchannel_port","host","rules","functions_emulator","seed_from_export"],"joinArgs":false} {"metadata":{"emulator":{"name":"firestore"},"message":"Starting Firestore Emulator with command {\"binary\":\"java\",\"args\":[\"-Dgoogle.cloud_firestore.debug_log_level=FINE\",\"-Duser.language=en\",\"-jar\",\"/Users/johnpolacek/.cache/firebase/emulators/cloud-firestore-emulator-v1.14.3.jar\",\"--host\",\"localhost\",\"--port\",8080],\"optionalArgs\":[\"port\",\"webchannel_port\",\"host\",\"rules\",\"functions_emulator\",\"seed_from_export\"],\"joinArgs\":false}"}}
[info] i  firestore: Firestore Emulator logging to firestore-debug.log {"metadata":{"emulator":{"name":"firestore"},"message":"Firestore Emulator logging to \u001b[1mfirestore-debug.log\u001b[22m"}}
[debug] [2022-06-12T18:36:37.344Z] Jun 12, 2022 2:36:37 PM com.google.cloud.datastore.emulator.firestore.websocket.WebSocketServer start
INFO: Started WebSocket server on ws://localhost:55583
 {"metadata":{"emulator":{"name":"firestore"},"message":"Jun 12, 2022 2:36:37 PM com.google.cloud.datastore.emulator.firestore.websocket.WebSocketServer start\nINFO: Started WebSocket server on ws://localhost:55583\n"}}
[debug] [2022-06-12T18:36:37.368Z] API endpoint: http:// {"metadata":{"emulator":{"name":"firestore"},"message":"API endpoint: http://"}}
[debug] [2022-06-12T18:36:37.369Z] localhost:8080
If you are using a library that supports the FIRESTORE_EMULATOR_HOST environment variable, run:

   export FIRESTORE_EMULATOR_HOST=localhost:8080

Dev App Server is now running.

 {"metadata":{"emulator":{"name":"firestore"},"message":"localhost:8080\nIf you are using a library that supports the FIRESTORE_EMULATOR_HOST environment variable, run:\n\n   export FIRESTORE_EMULATOR_HOST=localhost:8080\n\nDev App Server is now running.\n\n"}}
[warn] ⚠  auth: Skipped importing config because /Users/johnpolacek/Sites/localhost/remix-firebase-tailwind/firebase-fixtures/auth/config.json does not exist. {"metadata":{"emulator":{"name":"database"},"message":"Skipped importing config because /Users/johnpolacek/Sites/localhost/remix-firebase-tailwind/firebase-fixtures/auth/config.json does not exist."}}
[info] i  auth: Importing accounts from /Users/johnpolacek/Sites/localhost/remix-firebase-tailwind/firebase-fixtures/auth/accounts.json {"metadata":{"emulator":{"name":"database"},"message":"Importing accounts from /Users/johnpolacek/Sites/localhost/remix-firebase-tailwind/firebase-fixtures/auth/accounts.json"}}
[debug] [2022-06-12T18:36:44.554Z] Ignoring unsupported arg: auto_download {"metadata":{"emulator":{"name":"ui"},"message":"Ignoring unsupported arg: auto_download"}}
[debug] [2022-06-12T18:36:44.554Z] Ignoring unsupported arg: port {"metadata":{"emulator":{"name":"ui"},"message":"Ignoring unsupported arg: port"}}
[debug] [2022-06-12T18:36:44.554Z] Starting Emulator UI with command {"binary":"node","args":["--dns-result-order=ipv4first","/Users/johnpolacek/.cache/firebase/emulators/ui-v1.7.0/server.bundle.js"],"optionalArgs":[],"joinArgs":false} {"metadata":{"emulator":{"name":"ui"},"message":"Starting Emulator UI with command {\"binary\":\"node\",\"args\":[\"--dns-result-order=ipv4first\",\"/Users/johnpolacek/.cache/firebase/emulators/ui-v1.7.0/server.bundle.js\"],\"optionalArgs\":[],\"joinArgs\":false}"}}
[info] i  ui: Emulator UI logging to ui-debug.log {"metadata":{"emulator":{"name":"ui"},"message":"Emulator UI logging to \u001b[1mui-debug.log\u001b[22m"}}
[debug] [2022-06-12T18:36:44.670Z] Web / API server started at localhost:4000
 {"metadata":{"emulator":{"name":"ui"},"message":"Web / API server started at localhost:4000\n"}}
[info] 
┌─────────────────────────────────────────────────────────────┐
│ ✔  All emulators ready! It is now safe to connect your app. │
│ i  View Emulator UI at http://localhost:4000                │
└─────────────────────────────────────────────────────────────┘

┌────────────────┬────────────────┬─────────────────────────────────┐
│ Emulator       │ Host:Port      │ View in Emulator UI             │
├────────────────┼────────────────┼─────────────────────────────────┤
│ Authentication │ localhost:9099 │ http://localhost:4000/auth      │
├────────────────┼────────────────┼─────────────────────────────────┤
│ Firestore      │ localhost:8080 │ http://localhost:4000/firestore │
└────────────────┴────────────────┴─────────────────────────────────┘
  Emulator Hub running at localhost:4400
  Other reserved ports: 4500

Issues? Report them at https://github.com/firebase/firebase-tools/issues and attach the *-debug.log files.
 
